2020-10-06 09:14:32.678 [main] ERROR o.s.cloud.alibaba.nacos.NacosConfigProperties - create config service error!properties=NacosConfigProperties{serverAddr='null', encode='null', group='DEFAULT_GROUP', prefix='null', fileExtension='properties', timeout=3000, endpoint='null', namespace='null', accessKey='null', secretKey='null', contextPath='null', clusterName='null', name='null', sharedDataids='null', refreshableDataids='null', extConfig=null},e=,
com.alibaba.nacos.api.exception.NacosException: null
	at com.alibaba.nacos.api.config.ConfigFactory.createConfigService(ConfigFactory.java:45)
	at com.alibaba.nacos.api.NacosFactory.createConfigService(NacosFactory.java:41)
	at org.springframework.cloud.alibaba.nacos.NacosConfigProperties.configServiceInstance(NacosConfigProperties.java:343)
	at org.springframework.cloud.alibaba.nacos.client.NacosPropertySourceLocator.locate(NacosPropertySourceLocator.java:63)
	at org.springframework.cloud.bootstrap.config.PropertySourceBootstrapConfiguration.initialize(PropertySourceBootstrapConfiguration.java:98)
	at org.springframework.boot.SpringApplication.applyInitializers(SpringApplication.java:626)
	at org.springframework.boot.SpringApplication.prepareContext(SpringApplication.java:370)
	at org.springframework.boot.SpringApplication.run(SpringApplication.java:314)
	at org.springframework.boot.SpringApplication.run(SpringApplication.java:1226)
	at org.springframework.boot.SpringApplication.run(SpringApplication.java:1215)
	at com.xmchx.eduservice.EduApplication.main(EduApplication.java:15)
2020-10-06 09:14:37.066 [main] ERROR o.s.cloud.alibaba.nacos.NacosConfigProperties - create config service error!properties=NacosConfigProperties{serverAddr='null', encode='null', group='DEFAULT_GROUP', prefix='null', fileExtension='properties', timeout=3000, endpoint='null', namespace='null', accessKey='null', secretKey='null', contextPath='null', clusterName='null', name='null', sharedDataids='null', refreshableDataids='null', extConfig=null},e=,
com.alibaba.nacos.api.exception.NacosException: null
	at com.alibaba.nacos.api.config.ConfigFactory.createConfigService(ConfigFactory.java:45)
	at com.alibaba.nacos.api.NacosFactory.createConfigService(NacosFactory.java:41)
	at org.springframework.cloud.alibaba.nacos.NacosConfigProperties.configServiceInstance(NacosConfigProperties.java:343)
	at org.springframework.cloud.alibaba.nacos.NacosConfigAutoConfiguration.nacosContextRefresher(NacosConfigAutoConfiguration.java:63)
	at org.springframework.cloud.alibaba.nacos.NacosConfigAutoConfiguration$$EnhancerBySpringCGLIB$$6702db49.CGLIB$nacosContextRefresher$2(<generated>)
	at org.springframework.cloud.alibaba.nacos.NacosConfigAutoConfiguration$$EnhancerBySpringCGLIB$$6702db49$$FastClassBySpringCGLIB$$cdbd4202.invoke(<generated>)
	at org.springframework.cglib.proxy.MethodProxy.invokeSuper(MethodProxy.java:244)
	at org.springframework.context.annotation.ConfigurationClassEnhancer$BeanMethodInterceptor.intercept(ConfigurationClassEnhancer.java:363)
	at org.springframework.cloud.alibaba.nacos.NacosConfigAutoConfiguration$$EnhancerBySpringCGLIB$$6702db49.nacosContextRefresher(<generated>)
	at java.base/jdk.internal.reflect.NativeMethodAccessorImpl.invoke0(Native Method)
	at java.base/jdk.internal.reflect.NativeMethodAccessorImpl.invoke(NativeMethodAccessorImpl.java:62)
	at java.base/jdk.internal.reflect.DelegatingMethodAccessorImpl.invoke(DelegatingMethodAccessorImpl.java:43)
	at java.base/java.lang.reflect.Method.invoke(Method.java:566)
	at org.springframework.beans.factory.support.SimpleInstantiationStrategy.instantiate(SimpleInstantiationStrategy.java:154)
	at org.springframework.beans.factory.support.ConstructorResolver.instantiate(ConstructorResolver.java:640)
	at org.springframework.beans.factory.support.ConstructorResolver.instantiateUsingFactoryMethod(ConstructorResolver.java:625)
	at org.springframework.beans.factory.support.AbstractAutowireCapableBeanFactory.instantiateUsingFactoryMethod(AbstractAutowireCapableBeanFactory.java:1338)
	at org.springframework.beans.factory.support.AbstractAutowireCapableBeanFactory.createBeanInstance(AbstractAutowireCapableBeanFactory.java:1177)
	at org.springframework.beans.factory.support.AbstractAutowireCapableBeanFactory.doCreateBean(AbstractAutowireCapableBeanFactory.java:557)
	at org.springframework.beans.factory.support.AbstractAutowireCapableBeanFactory.createBean(AbstractAutowireCapableBeanFactory.java:517)
	at org.springframework.beans.factory.support.AbstractBeanFactory.lambda$doGetBean$0(AbstractBeanFactory.java:323)
	at org.springframework.beans.factory.support.DefaultSingletonBeanRegistry.getSingleton(DefaultSingletonBeanRegistry.java:222)
	at org.springframework.beans.factory.support.AbstractBeanFactory.doGetBean(AbstractBeanFactory.java:321)
	at org.springframework.beans.factory.support.AbstractBeanFactory.getBean(AbstractBeanFactory.java:202)
	at org.springframework.beans.factory.support.DefaultListableBeanFactory.preInstantiateSingletons(DefaultListableBeanFactory.java:879)
	at org.springframework.context.support.AbstractApplicationContext.finishBeanFactoryInitialization(AbstractApplicationContext.java:878)
	at org.springframework.context.support.AbstractApplicationContext.refresh(AbstractApplicationContext.java:550)
	at org.springframework.boot.web.servlet.context.ServletWebServerApplicationContext.refresh(ServletWebServerApplicationContext.java:141)
	at org.springframework.boot.SpringApplication.refresh(SpringApplication.java:747)
	at org.springframework.boot.SpringApplication.refreshContext(SpringApplication.java:397)
	at org.springframework.boot.SpringApplication.run(SpringApplication.java:315)
	at org.springframework.boot.SpringApplication.run(SpringApplication.java:1226)
	at org.springframework.boot.SpringApplication.run(SpringApplication.java:1215)
	at com.xmchx.eduservice.EduApplication.main(EduApplication.java:15)
2020-10-06 09:19:37.437 [main] ERROR o.s.cloud.alibaba.nacos.NacosConfigProperties - create config service error!properties=NacosConfigProperties{serverAddr='null', encode='null', group='DEFAULT_GROUP', prefix='null', fileExtension='properties', timeout=3000, endpoint='null', namespace='null', accessKey='null', secretKey='null', contextPath='null', clusterName='null', name='null', sharedDataids='null', refreshableDataids='null', extConfig=null},e=,
com.alibaba.nacos.api.exception.NacosException: null
	at com.alibaba.nacos.api.config.ConfigFactory.createConfigService(ConfigFactory.java:45)
	at com.alibaba.nacos.api.NacosFactory.createConfigService(NacosFactory.java:41)
	at org.springframework.cloud.alibaba.nacos.NacosConfigProperties.configServiceInstance(NacosConfigProperties.java:343)
	at org.springframework.cloud.alibaba.nacos.client.NacosPropertySourceLocator.locate(NacosPropertySourceLocator.java:63)
	at org.springframework.cloud.bootstrap.config.PropertySourceBootstrapConfiguration.initialize(PropertySourceBootstrapConfiguration.java:98)
	at org.springframework.boot.SpringApplication.applyInitializers(SpringApplication.java:626)
	at org.springframework.boot.SpringApplication.prepareContext(SpringApplication.java:370)
	at org.springframework.boot.SpringApplication.run(SpringApplication.java:314)
	at org.springframework.boot.SpringApplication.run(SpringApplication.java:1226)
	at org.springframework.boot.SpringApplication.run(SpringApplication.java:1215)
	at com.xmchx.eduservice.EduApplication.main(EduApplication.java:15)
2020-10-06 09:19:41.794 [main] ERROR o.s.cloud.alibaba.nacos.NacosConfigProperties - create config service error!properties=NacosConfigProperties{serverAddr='null', encode='null', group='DEFAULT_GROUP', prefix='null', fileExtension='properties', timeout=3000, endpoint='null', namespace='null', accessKey='null', secretKey='null', contextPath='null', clusterName='null', name='null', sharedDataids='null', refreshableDataids='null', extConfig=null},e=,
com.alibaba.nacos.api.exception.NacosException: null
	at com.alibaba.nacos.api.config.ConfigFactory.createConfigService(ConfigFactory.java:45)
	at com.alibaba.nacos.api.NacosFactory.createConfigService(NacosFactory.java:41)
	at org.springframework.cloud.alibaba.nacos.NacosConfigProperties.configServiceInstance(NacosConfigProperties.java:343)
	at org.springframework.cloud.alibaba.nacos.NacosConfigAutoConfiguration.nacosContextRefresher(NacosConfigAutoConfiguration.java:63)
	at org.springframework.cloud.alibaba.nacos.NacosConfigAutoConfiguration$$EnhancerBySpringCGLIB$$9eeef83f.CGLIB$nacosContextRefresher$3(<generated>)
	at org.springframework.cloud.alibaba.nacos.NacosConfigAutoConfiguration$$EnhancerBySpringCGLIB$$9eeef83f$$FastClassBySpringCGLIB$$e3ff410d.invoke(<generated>)
	at org.springframework.cglib.proxy.MethodProxy.invokeSuper(MethodProxy.java:244)
	at org.springframework.context.annotation.ConfigurationClassEnhancer$BeanMethodInterceptor.intercept(ConfigurationClassEnhancer.java:363)
	at org.springframework.cloud.alibaba.nacos.NacosConfigAutoConfiguration$$EnhancerBySpringCGLIB$$9eeef83f.nacosContextRefresher(<generated>)
	at java.base/jdk.internal.reflect.NativeMethodAccessorImpl.invoke0(Native Method)
	at java.base/jdk.internal.reflect.NativeMethodAccessorImpl.invoke(NativeMethodAccessorImpl.java:62)
	at java.base/jdk.internal.reflect.DelegatingMethodAccessorImpl.invoke(DelegatingMethodAccessorImpl.java:43)
	at java.base/java.lang.reflect.Method.invoke(Method.java:566)
	at org.springframework.beans.factory.support.SimpleInstantiationStrategy.instantiate(SimpleInstantiationStrategy.java:154)
	at org.springframework.beans.factory.support.ConstructorResolver.instantiate(ConstructorResolver.java:640)
	at org.springframework.beans.factory.support.ConstructorResolver.instantiateUsingFactoryMethod(ConstructorResolver.java:625)
	at org.springframework.beans.factory.support.AbstractAutowireCapableBeanFactory.instantiateUsingFactoryMethod(AbstractAutowireCapableBeanFactory.java:1338)
	at org.springframework.beans.factory.support.AbstractAutowireCapableBeanFactory.createBeanInstance(AbstractAutowireCapableBeanFactory.java:1177)
	at org.springframework.beans.factory.support.AbstractAutowireCapableBeanFactory.doCreateBean(AbstractAutowireCapableBeanFactory.java:557)
	at org.springframework.beans.factory.support.AbstractAutowireCapableBeanFactory.createBean(AbstractAutowireCapableBeanFactory.java:517)
	at org.springframework.beans.factory.support.AbstractBeanFactory.lambda$doGetBean$0(AbstractBeanFactory.java:323)
	at org.springframework.beans.factory.support.DefaultSingletonBeanRegistry.getSingleton(DefaultSingletonBeanRegistry.java:222)
	at org.springframework.beans.factory.support.AbstractBeanFactory.doGetBean(AbstractBeanFactory.java:321)
	at org.springframework.beans.factory.support.AbstractBeanFactory.getBean(AbstractBeanFactory.java:202)
	at org.springframework.beans.factory.support.DefaultListableBeanFactory.preInstantiateSingletons(DefaultListableBeanFactory.java:879)
	at org.springframework.context.support.AbstractApplicationContext.finishBeanFactoryInitialization(AbstractApplicationContext.java:878)
	at org.springframework.context.support.AbstractApplicationContext.refresh(AbstractApplicationContext.java:550)
	at org.springframework.boot.web.servlet.context.ServletWebServerApplicationContext.refresh(ServletWebServerApplicationContext.java:141)
	at org.springframework.boot.SpringApplication.refresh(SpringApplication.java:747)
	at org.springframework.boot.SpringApplication.refreshContext(SpringApplication.java:397)
	at org.springframework.boot.SpringApplication.run(SpringApplication.java:315)
	at org.springframework.boot.SpringApplication.run(SpringApplication.java:1226)
	at org.springframework.boot.SpringApplication.run(SpringApplication.java:1215)
	at com.xmchx.eduservice.EduApplication.main(EduApplication.java:15)
2020-10-06 09:29:59.256 [main] ERROR o.s.cloud.alibaba.nacos.NacosConfigProperties - create config service error!properties=NacosConfigProperties{serverAddr='null', encode='null', group='DEFAULT_GROUP', prefix='null', fileExtension='properties', timeout=3000, endpoint='null', namespace='null', accessKey='null', secretKey='null', contextPath='null', clusterName='null', name='null', sharedDataids='null', refreshableDataids='null', extConfig=null},e=,
com.alibaba.nacos.api.exception.NacosException: null
	at com.alibaba.nacos.api.config.ConfigFactory.createConfigService(ConfigFactory.java:45)
	at com.alibaba.nacos.api.NacosFactory.createConfigService(NacosFactory.java:41)
	at org.springframework.cloud.alibaba.nacos.NacosConfigProperties.configServiceInstance(NacosConfigProperties.java:343)
	at org.springframework.cloud.alibaba.nacos.client.NacosPropertySourceLocator.locate(NacosPropertySourceLocator.java:63)
	at org.springframework.cloud.bootstrap.config.PropertySourceBootstrapConfiguration.initialize(PropertySourceBootstrapConfiguration.java:98)
	at org.springframework.boot.SpringApplication.applyInitializers(SpringApplication.java:626)
	at org.springframework.boot.SpringApplication.prepareContext(SpringApplication.java:370)
	at org.springframework.boot.SpringApplication.run(SpringApplication.java:314)
	at org.springframework.boot.SpringApplication.run(SpringApplication.java:1226)
	at org.springframework.boot.SpringApplication.run(SpringApplication.java:1215)
	at com.xmchx.eduservice.EduApplication.main(EduApplication.java:15)
2020-10-06 09:30:03.463 [main] ERROR o.s.cloud.alibaba.nacos.NacosConfigProperties - create config service error!properties=NacosConfigProperties{serverAddr='null', encode='null', group='DEFAULT_GROUP', prefix='null', fileExtension='properties', timeout=3000, endpoint='null', namespace='null', accessKey='null', secretKey='null', contextPath='null', clusterName='null', name='null', sharedDataids='null', refreshableDataids='null', extConfig=null},e=,
com.alibaba.nacos.api.exception.NacosException: null
	at com.alibaba.nacos.api.config.ConfigFactory.createConfigService(ConfigFactory.java:45)
	at com.alibaba.nacos.api.NacosFactory.createConfigService(NacosFactory.java:41)
	at org.springframework.cloud.alibaba.nacos.NacosConfigProperties.configServiceInstance(NacosConfigProperties.java:343)
	at org.springframework.cloud.alibaba.nacos.NacosConfigAutoConfiguration.nacosContextRefresher(NacosConfigAutoConfiguration.java:63)
	at org.springframework.cloud.alibaba.nacos.NacosConfigAutoConfiguration$$EnhancerBySpringCGLIB$$54b9d416.CGLIB$nacosContextRefresher$3(<generated>)
	at org.springframework.cloud.alibaba.nacos.NacosConfigAutoConfiguration$$EnhancerBySpringCGLIB$$54b9d416$$FastClassBySpringCGLIB$$1cdda9e7.invoke(<generated>)
	at org.springframework.cglib.proxy.MethodProxy.invokeSuper(MethodProxy.java:244)
	at org.springframework.context.annotation.ConfigurationClassEnhancer$BeanMethodInterceptor.intercept(ConfigurationClassEnhancer.java:363)
	at org.springframework.cloud.alibaba.nacos.NacosConfigAutoConfiguration$$EnhancerBySpringCGLIB$$54b9d416.nacosContextRefresher(<generated>)
	at java.base/jdk.internal.reflect.NativeMethodAccessorImpl.invoke0(Native Method)
	at java.base/jdk.internal.reflect.NativeMethodAccessorImpl.invoke(NativeMethodAccessorImpl.java:62)
	at java.base/jdk.internal.reflect.DelegatingMethodAccessorImpl.invoke(DelegatingMethodAccessorImpl.java:43)
	at java.base/java.lang.reflect.Method.invoke(Method.java:566)
	at org.springframework.beans.factory.support.SimpleInstantiationStrategy.instantiate(SimpleInstantiationStrategy.java:154)
	at org.springframework.beans.factory.support.ConstructorResolver.instantiate(ConstructorResolver.java:640)
	at org.springframework.beans.factory.support.ConstructorResolver.instantiateUsingFactoryMethod(ConstructorResolver.java:625)
	at org.springframework.beans.factory.support.AbstractAutowireCapableBeanFactory.instantiateUsingFactoryMethod(AbstractAutowireCapableBeanFactory.java:1338)
	at org.springframework.beans.factory.support.AbstractAutowireCapableBeanFactory.createBeanInstance(AbstractAutowireCapableBeanFactory.java:1177)
	at org.springframework.beans.factory.support.AbstractAutowireCapableBeanFactory.doCreateBean(AbstractAutowireCapableBeanFactory.java:557)
	at org.springframework.beans.factory.support.AbstractAutowireCapableBeanFactory.createBean(AbstractAutowireCapableBeanFactory.java:517)
	at org.springframework.beans.factory.support.AbstractBeanFactory.lambda$doGetBean$0(AbstractBeanFactory.java:323)
	at org.springframework.beans.factory.support.DefaultSingletonBeanRegistry.getSingleton(DefaultSingletonBeanRegistry.java:222)
	at org.springframework.beans.factory.support.AbstractBeanFactory.doGetBean(AbstractBeanFactory.java:321)
	at org.springframework.beans.factory.support.AbstractBeanFactory.getBean(AbstractBeanFactory.java:202)
	at org.springframework.beans.factory.support.DefaultListableBeanFactory.preInstantiateSingletons(DefaultListableBeanFactory.java:879)
	at org.springframework.context.support.AbstractApplicationContext.finishBeanFactoryInitialization(AbstractApplicationContext.java:878)
	at org.springframework.context.support.AbstractApplicationContext.refresh(AbstractApplicationContext.java:550)
	at org.springframework.boot.web.servlet.context.ServletWebServerApplicationContext.refresh(ServletWebServerApplicationContext.java:141)
	at org.springframework.boot.SpringApplication.refresh(SpringApplication.java:747)
	at org.springframework.boot.SpringApplication.refreshContext(SpringApplication.java:397)
	at org.springframework.boot.SpringApplication.run(SpringApplication.java:315)
	at org.springframework.boot.SpringApplication.run(SpringApplication.java:1226)
	at org.springframework.boot.SpringApplication.run(SpringApplication.java:1215)
	at com.xmchx.eduservice.EduApplication.main(EduApplication.java:15)
2020-10-06 10:03:41.585 [main] ERROR o.s.cloud.alibaba.nacos.NacosConfigProperties - create config service error!properties=NacosConfigProperties{serverAddr='null', encode='null', group='DEFAULT_GROUP', prefix='null', fileExtension='properties', timeout=3000, endpoint='null', namespace='null', accessKey='null', secretKey='null', contextPath='null', clusterName='null', name='null', sharedDataids='null', refreshableDataids='null', extConfig=null},e=,
com.alibaba.nacos.api.exception.NacosException: null
	at com.alibaba.nacos.api.config.ConfigFactory.createConfigService(ConfigFactory.java:45)
	at com.alibaba.nacos.api.NacosFactory.createConfigService(NacosFactory.java:41)
	at org.springframework.cloud.alibaba.nacos.NacosConfigProperties.configServiceInstance(NacosConfigProperties.java:343)
	at org.springframework.cloud.alibaba.nacos.client.NacosPropertySourceLocator.locate(NacosPropertySourceLocator.java:63)
	at org.springframework.cloud.bootstrap.config.PropertySourceBootstrapConfiguration.initialize(PropertySourceBootstrapConfiguration.java:98)
	at org.springframework.boot.SpringApplication.applyInitializers(SpringApplication.java:626)
	at org.springframework.boot.SpringApplication.prepareContext(SpringApplication.java:370)
	at org.springframework.boot.SpringApplication.run(SpringApplication.java:314)
	at org.springframework.boot.SpringApplication.run(SpringApplication.java:1226)
	at org.springframework.boot.SpringApplication.run(SpringApplication.java:1215)
	at com.xmchx.eduservice.EduApplication.main(EduApplication.java:15)
2020-10-06 10:03:46.296 [main] ERROR o.s.cloud.alibaba.nacos.NacosConfigProperties - create config service error!properties=NacosConfigProperties{serverAddr='null', encode='null', group='DEFAULT_GROUP', prefix='null', fileExtension='properties', timeout=3000, endpoint='null', namespace='null', accessKey='null', secretKey='null', contextPath='null', clusterName='null', name='null', sharedDataids='null', refreshableDataids='null', extConfig=null},e=,
com.alibaba.nacos.api.exception.NacosException: null
	at com.alibaba.nacos.api.config.ConfigFactory.createConfigService(ConfigFactory.java:45)
	at com.alibaba.nacos.api.NacosFactory.createConfigService(NacosFactory.java:41)
	at org.springframework.cloud.alibaba.nacos.NacosConfigProperties.configServiceInstance(NacosConfigProperties.java:343)
	at org.springframework.cloud.alibaba.nacos.NacosConfigAutoConfiguration.nacosContextRefresher(NacosConfigAutoConfiguration.java:63)
	at org.springframework.cloud.alibaba.nacos.NacosConfigAutoConfiguration$$EnhancerBySpringCGLIB$$f58e3e6b.CGLIB$nacosContextRefresher$1(<generated>)
	at org.springframework.cloud.alibaba.nacos.NacosConfigAutoConfiguration$$EnhancerBySpringCGLIB$$f58e3e6b$$FastClassBySpringCGLIB$$ee886e76.invoke(<generated>)
	at org.springframework.cglib.proxy.MethodProxy.invokeSuper(MethodProxy.java:244)
	at org.springframework.context.annotation.ConfigurationClassEnhancer$BeanMethodInterceptor.intercept(ConfigurationClassEnhancer.java:363)
	at org.springframework.cloud.alibaba.nacos.NacosConfigAutoConfiguration$$EnhancerBySpringCGLIB$$f58e3e6b.nacosContextRefresher(<generated>)
	at java.base/jdk.internal.reflect.NativeMethodAccessorImpl.invoke0(Native Method)
	at java.base/jdk.internal.reflect.NativeMethodAccessorImpl.invoke(NativeMethodAccessorImpl.java:62)
	at java.base/jdk.internal.reflect.DelegatingMethodAccessorImpl.invoke(DelegatingMethodAccessorImpl.java:43)
	at java.base/java.lang.reflect.Method.invoke(Method.java:566)
	at org.springframework.beans.factory.support.SimpleInstantiationStrategy.instantiate(SimpleInstantiationStrategy.java:154)
	at org.springframework.beans.factory.support.ConstructorResolver.instantiate(ConstructorResolver.java:640)
	at org.springframework.beans.factory.support.ConstructorResolver.instantiateUsingFactoryMethod(ConstructorResolver.java:625)
	at org.springframework.beans.factory.support.AbstractAutowireCapableBeanFactory.instantiateUsingFactoryMethod(AbstractAutowireCapableBeanFactory.java:1338)
	at org.springframework.beans.factory.support.AbstractAutowireCapableBeanFactory.createBeanInstance(AbstractAutowireCapableBeanFactory.java:1177)
	at org.springframework.beans.factory.support.AbstractAutowireCapableBeanFactory.doCreateBean(AbstractAutowireCapableBeanFactory.java:557)
	at org.springframework.beans.factory.support.AbstractAutowireCapableBeanFactory.createBean(AbstractAutowireCapableBeanFactory.java:517)
	at org.springframework.beans.factory.support.AbstractBeanFactory.lambda$doGetBean$0(AbstractBeanFactory.java:323)
	at org.springframework.beans.factory.support.DefaultSingletonBeanRegistry.getSingleton(DefaultSingletonBeanRegistry.java:222)
	at org.springframework.beans.factory.support.AbstractBeanFactory.doGetBean(AbstractBeanFactory.java:321)
	at org.springframework.beans.factory.support.AbstractBeanFactory.getBean(AbstractBeanFactory.java:202)
	at org.springframework.beans.factory.support.DefaultListableBeanFactory.preInstantiateSingletons(DefaultListableBeanFactory.java:879)
	at org.springframework.context.support.AbstractApplicationContext.finishBeanFactoryInitialization(AbstractApplicationContext.java:878)
	at org.springframework.context.support.AbstractApplicationContext.refresh(AbstractApplicationContext.java:550)
	at org.springframework.boot.web.servlet.context.ServletWebServerApplicationContext.refresh(ServletWebServerApplicationContext.java:141)
	at org.springframework.boot.SpringApplication.refresh(SpringApplication.java:747)
	at org.springframework.boot.SpringApplication.refreshContext(SpringApplication.java:397)
	at org.springframework.boot.SpringApplication.run(SpringApplication.java:315)
	at org.springframework.boot.SpringApplication.run(SpringApplication.java:1226)
	at org.springframework.boot.SpringApplication.run(SpringApplication.java:1215)
	at com.xmchx.eduservice.EduApplication.main(EduApplication.java:15)
2020-10-06 10:11:01.362 [main] ERROR o.s.cloud.alibaba.nacos.NacosConfigProperties - create config service error!properties=NacosConfigProperties{serverAddr='null', encode='null', group='DEFAULT_GROUP', prefix='null', fileExtension='properties', timeout=3000, endpoint='null', namespace='null', accessKey='null', secretKey='null', contextPath='null', clusterName='null', name='null', sharedDataids='null', refreshableDataids='null', extConfig=null},e=,
com.alibaba.nacos.api.exception.NacosException: null
	at com.alibaba.nacos.api.config.ConfigFactory.createConfigService(ConfigFactory.java:45)
	at com.alibaba.nacos.api.NacosFactory.createConfigService(NacosFactory.java:41)
	at org.springframework.cloud.alibaba.nacos.NacosConfigProperties.configServiceInstance(NacosConfigProperties.java:343)
	at org.springframework.cloud.alibaba.nacos.client.NacosPropertySourceLocator.locate(NacosPropertySourceLocator.java:63)
	at org.springframework.cloud.bootstrap.config.PropertySourceBootstrapConfiguration.initialize(PropertySourceBootstrapConfiguration.java:98)
	at org.springframework.boot.SpringApplication.applyInitializers(SpringApplication.java:626)
	at org.springframework.boot.SpringApplication.prepareContext(SpringApplication.java:370)
	at org.springframework.boot.SpringApplication.run(SpringApplication.java:314)
	at org.springframework.boot.SpringApplication.run(SpringApplication.java:1226)
	at org.springframework.boot.SpringApplication.run(SpringApplication.java:1215)
	at com.xmchx.eduservice.EduApplication.main(EduApplication.java:15)
2020-10-06 10:11:06.799 [main] ERROR o.s.cloud.alibaba.nacos.NacosConfigProperties - create config service error!properties=NacosConfigProperties{serverAddr='null', encode='null', group='DEFAULT_GROUP', prefix='null', fileExtension='properties', timeout=3000, endpoint='null', namespace='null', accessKey='null', secretKey='null', contextPath='null', clusterName='null', name='null', sharedDataids='null', refreshableDataids='null', extConfig=null},e=,
com.alibaba.nacos.api.exception.NacosException: null
	at com.alibaba.nacos.api.config.ConfigFactory.createConfigService(ConfigFactory.java:45)
	at com.alibaba.nacos.api.NacosFactory.createConfigService(NacosFactory.java:41)
	at org.springframework.cloud.alibaba.nacos.NacosConfigProperties.configServiceInstance(NacosConfigProperties.java:343)
	at org.springframework.cloud.alibaba.nacos.NacosConfigAutoConfiguration.nacosContextRefresher(NacosConfigAutoConfiguration.java:63)
	at org.springframework.cloud.alibaba.nacos.NacosConfigAutoConfiguration$$EnhancerBySpringCGLIB$$ad69b85d.CGLIB$nacosContextRefresher$2(<generated>)
	at org.springframework.cloud.alibaba.nacos.NacosConfigAutoConfiguration$$EnhancerBySpringCGLIB$$ad69b85d$$FastClassBySpringCGLIB$$97a66807.invoke(<generated>)
	at org.springframework.cglib.proxy.MethodProxy.invokeSuper(MethodProxy.java:244)
	at org.springframework.context.annotation.ConfigurationClassEnhancer$BeanMethodInterceptor.intercept(ConfigurationClassEnhancer.java:363)
	at org.springframework.cloud.alibaba.nacos.NacosConfigAutoConfiguration$$EnhancerBySpringCGLIB$$ad69b85d.nacosContextRefresher(<generated>)
	at java.base/jdk.internal.reflect.NativeMethodAccessorImpl.invoke0(Native Method)
	at java.base/jdk.internal.reflect.NativeMethodAccessorImpl.invoke(NativeMethodAccessorImpl.java:62)
	at java.base/jdk.internal.reflect.DelegatingMethodAccessorImpl.invoke(DelegatingMethodAccessorImpl.java:43)
	at java.base/java.lang.reflect.Method.invoke(Method.java:566)
	at org.springframework.beans.factory.support.SimpleInstantiationStrategy.instantiate(SimpleInstantiationStrategy.java:154)
	at org.springframework.beans.factory.support.ConstructorResolver.instantiate(ConstructorResolver.java:640)
	at org.springframework.beans.factory.support.ConstructorResolver.instantiateUsingFactoryMethod(ConstructorResolver.java:625)
	at org.springframework.beans.factory.support.AbstractAutowireCapableBeanFactory.instantiateUsingFactoryMethod(AbstractAutowireCapableBeanFactory.java:1338)
	at org.springframework.beans.factory.support.AbstractAutowireCapableBeanFactory.createBeanInstance(AbstractAutowireCapableBeanFactory.java:1177)
	at org.springframework.beans.factory.support.AbstractAutowireCapableBeanFactory.doCreateBean(AbstractAutowireCapableBeanFactory.java:557)
	at org.springframework.beans.factory.support.AbstractAutowireCapableBeanFactory.createBean(AbstractAutowireCapableBeanFactory.java:517)
	at org.springframework.beans.factory.support.AbstractBeanFactory.lambda$doGetBean$0(AbstractBeanFactory.java:323)
	at org.springframework.beans.factory.support.DefaultSingletonBeanRegistry.getSingleton(DefaultSingletonBeanRegistry.java:222)
	at org.springframework.beans.factory.support.AbstractBeanFactory.doGetBean(AbstractBeanFactory.java:321)
	at org.springframework.beans.factory.support.AbstractBeanFactory.getBean(AbstractBeanFactory.java:202)
	at org.springframework.beans.factory.support.DefaultListableBeanFactory.preInstantiateSingletons(DefaultListableBeanFactory.java:879)
	at org.springframework.context.support.AbstractApplicationContext.finishBeanFactoryInitialization(AbstractApplicationContext.java:878)
	at org.springframework.context.support.AbstractApplicationContext.refresh(AbstractApplicationContext.java:550)
	at org.springframework.boot.web.servlet.context.ServletWebServerApplicationContext.refresh(ServletWebServerApplicationContext.java:141)
	at org.springframework.boot.SpringApplication.refresh(SpringApplication.java:747)
	at org.springframework.boot.SpringApplication.refreshContext(SpringApplication.java:397)
	at org.springframework.boot.SpringApplication.run(SpringApplication.java:315)
	at org.springframework.boot.SpringApplication.run(SpringApplication.java:1226)
	at org.springframework.boot.SpringApplication.run(SpringApplication.java:1215)
	at com.xmchx.eduservice.EduApplication.main(EduApplication.java:15)
2020-10-17 17:17:18.427 [main] ERROR o.s.cloud.alibaba.nacos.NacosConfigProperties - create config service error!properties=NacosConfigProperties{serverAddr='null', encode='null', group='DEFAULT_GROUP', prefix='null', fileExtension='properties', timeout=3000, endpoint='null', namespace='null', accessKey='null', secretKey='null', contextPath='null', clusterName='null', name='null', sharedDataids='null', refreshableDataids='null', extConfig=null},e=,
com.alibaba.nacos.api.exception.NacosException: null
	at com.alibaba.nacos.api.config.ConfigFactory.createConfigService(ConfigFactory.java:45)
	at com.alibaba.nacos.api.NacosFactory.createConfigService(NacosFactory.java:41)
	at org.springframework.cloud.alibaba.nacos.NacosConfigProperties.configServiceInstance(NacosConfigProperties.java:343)
	at org.springframework.cloud.alibaba.nacos.client.NacosPropertySourceLocator.locate(NacosPropertySourceLocator.java:63)
	at org.springframework.cloud.bootstrap.config.PropertySourceBootstrapConfiguration.initialize(PropertySourceBootstrapConfiguration.java:98)
	at org.springframework.boot.SpringApplication.applyInitializers(SpringApplication.java:626)
	at org.springframework.boot.SpringApplication.prepareContext(SpringApplication.java:370)
	at org.springframework.boot.SpringApplication.run(SpringApplication.java:314)
	at org.springframework.boot.SpringApplication.run(SpringApplication.java:1226)
	at org.springframework.boot.SpringApplication.run(SpringApplication.java:1215)
	at com.xmchx.eduservice.EduApplication.main(EduApplication.java:15)
2020-10-17 17:17:24.695 [main] ERROR o.s.cloud.alibaba.nacos.NacosConfigProperties - create config service error!properties=NacosConfigProperties{serverAddr='null', encode='null', group='DEFAULT_GROUP', prefix='null', fileExtension='properties', timeout=3000, endpoint='null', namespace='null', accessKey='null', secretKey='null', contextPath='null', clusterName='null', name='null', sharedDataids='null', refreshableDataids='null', extConfig=null},e=,
com.alibaba.nacos.api.exception.NacosException: null
	at com.alibaba.nacos.api.config.ConfigFactory.createConfigService(ConfigFactory.java:45)
	at com.alibaba.nacos.api.NacosFactory.createConfigService(NacosFactory.java:41)
	at org.springframework.cloud.alibaba.nacos.NacosConfigProperties.configServiceInstance(NacosConfigProperties.java:343)
	at org.springframework.cloud.alibaba.nacos.NacosConfigAutoConfiguration.nacosContextRefresher(NacosConfigAutoConfiguration.java:63)
	at org.springframework.cloud.alibaba.nacos.NacosConfigAutoConfiguration$$EnhancerBySpringCGLIB$$f228fa1a.CGLIB$nacosContextRefresher$3(<generated>)
	at org.springframework.cloud.alibaba.nacos.NacosConfigAutoConfiguration$$EnhancerBySpringCGLIB$$f228fa1a$$FastClassBySpringCGLIB$$4335a699.invoke(<generated>)
	at org.springframework.cglib.proxy.MethodProxy.invokeSuper(MethodProxy.java:244)
	at org.springframework.context.annotation.ConfigurationClassEnhancer$BeanMethodInterceptor.intercept(ConfigurationClassEnhancer.java:363)
	at org.springframework.cloud.alibaba.nacos.NacosConfigAutoConfiguration$$EnhancerBySpringCGLIB$$f228fa1a.nacosContextRefresher(<generated>)
	at java.base/jdk.internal.reflect.NativeMethodAccessorImpl.invoke0(Native Method)
	at java.base/jdk.internal.reflect.NativeMethodAccessorImpl.invoke(NativeMethodAccessorImpl.java:62)
	at java.base/jdk.internal.reflect.DelegatingMethodAccessorImpl.invoke(DelegatingMethodAccessorImpl.java:43)
	at java.base/java.lang.reflect.Method.invoke(Method.java:566)
	at org.springframework.beans.factory.support.SimpleInstantiationStrategy.instantiate(SimpleInstantiationStrategy.java:154)
	at org.springframework.beans.factory.support.ConstructorResolver.instantiate(ConstructorResolver.java:640)
	at org.springframework.beans.factory.support.ConstructorResolver.instantiateUsingFactoryMethod(ConstructorResolver.java:625)
	at org.springframework.beans.factory.support.AbstractAutowireCapableBeanFactory.instantiateUsingFactoryMethod(AbstractAutowireCapableBeanFactory.java:1338)
	at org.springframework.beans.factory.support.AbstractAutowireCapableBeanFactory.createBeanInstance(AbstractAutowireCapableBeanFactory.java:1177)
	at org.springframework.beans.factory.support.AbstractAutowireCapableBeanFactory.doCreateBean(AbstractAutowireCapableBeanFactory.java:557)
	at org.springframework.beans.factory.support.AbstractAutowireCapableBeanFactory.createBean(AbstractAutowireCapableBeanFactory.java:517)
	at org.springframework.beans.factory.support.AbstractBeanFactory.lambda$doGetBean$0(AbstractBeanFactory.java:323)
	at org.springframework.beans.factory.support.DefaultSingletonBeanRegistry.getSingleton(DefaultSingletonBeanRegistry.java:222)
	at org.springframework.beans.factory.support.AbstractBeanFactory.doGetBean(AbstractBeanFactory.java:321)
	at org.springframework.beans.factory.support.AbstractBeanFactory.getBean(AbstractBeanFactory.java:202)
	at org.springframework.beans.factory.support.DefaultListableBeanFactory.preInstantiateSingletons(DefaultListableBeanFactory.java:879)
	at org.springframework.context.support.AbstractApplicationContext.finishBeanFactoryInitialization(AbstractApplicationContext.java:878)
	at org.springframework.context.support.AbstractApplicationContext.refresh(AbstractApplicationContext.java:550)
	at org.springframework.boot.web.servlet.context.ServletWebServerApplicationContext.refresh(ServletWebServerApplicationContext.java:141)
	at org.springframework.boot.SpringApplication.refresh(SpringApplication.java:747)
	at org.springframework.boot.SpringApplication.refreshContext(SpringApplication.java:397)
	at org.springframework.boot.SpringApplication.run(SpringApplication.java:315)
	at org.springframework.boot.SpringApplication.run(SpringApplication.java:1226)
	at org.springframework.boot.SpringApplication.run(SpringApplication.java:1215)
	at com.xmchx.eduservice.EduApplication.main(EduApplication.java:15)
2020-10-18 18:32:59.038 [main] ERROR o.s.cloud.alibaba.nacos.NacosConfigProperties - create config service error!properties=NacosConfigProperties{serverAddr='null', encode='null', group='DEFAULT_GROUP', prefix='null', fileExtension='properties', timeout=3000, endpoint='null', namespace='null', accessKey='null', secretKey='null', contextPath='null', clusterName='null', name='null', sharedDataids='null', refreshableDataids='null', extConfig=null},e=,
com.alibaba.nacos.api.exception.NacosException: null
	at com.alibaba.nacos.api.config.ConfigFactory.createConfigService(ConfigFactory.java:45)
	at com.alibaba.nacos.api.NacosFactory.createConfigService(NacosFactory.java:41)
	at org.springframework.cloud.alibaba.nacos.NacosConfigProperties.configServiceInstance(NacosConfigProperties.java:343)
	at org.springframework.cloud.alibaba.nacos.client.NacosPropertySourceLocator.locate(NacosPropertySourceLocator.java:63)
	at org.springframework.cloud.bootstrap.config.PropertySourceBootstrapConfiguration.initialize(PropertySourceBootstrapConfiguration.java:98)
	at org.springframework.boot.SpringApplication.applyInitializers(SpringApplication.java:626)
	at org.springframework.boot.SpringApplication.prepareContext(SpringApplication.java:370)
	at org.springframework.boot.SpringApplication.run(SpringApplication.java:314)
	at org.springframework.boot.SpringApplication.run(SpringApplication.java:1226)
	at org.springframework.boot.SpringApplication.run(SpringApplication.java:1215)
	at com.xmchx.eduservice.EduApplication.main(EduApplication.java:15)
2020-10-18 18:33:04.354 [main] ERROR o.s.cloud.alibaba.nacos.NacosConfigProperties - create config service error!properties=NacosConfigProperties{serverAddr='null', encode='null', group='DEFAULT_GROUP', prefix='null', fileExtension='properties', timeout=3000, endpoint='null', namespace='null', accessKey='null', secretKey='null', contextPath='null', clusterName='null', name='null', sharedDataids='null', refreshableDataids='null', extConfig=null},e=,
com.alibaba.nacos.api.exception.NacosException: null
	at com.alibaba.nacos.api.config.ConfigFactory.createConfigService(ConfigFactory.java:45)
	at com.alibaba.nacos.api.NacosFactory.createConfigService(NacosFactory.java:41)
	at org.springframework.cloud.alibaba.nacos.NacosConfigProperties.configServiceInstance(NacosConfigProperties.java:343)
	at org.springframework.cloud.alibaba.nacos.NacosConfigAutoConfiguration.nacosContextRefresher(NacosConfigAutoConfiguration.java:63)
	at org.springframework.cloud.alibaba.nacos.NacosConfigAutoConfiguration$$EnhancerBySpringCGLIB$$ddbcb8bb.CGLIB$nacosContextRefresher$2(<generated>)
	at org.springframework.cloud.alibaba.nacos.NacosConfigAutoConfiguration$$EnhancerBySpringCGLIB$$ddbcb8bb$$FastClassBySpringCGLIB$$1caf0a93.invoke(<generated>)
	at org.springframework.cglib.proxy.MethodProxy.invokeSuper(MethodProxy.java:244)
	at org.springframework.context.annotation.ConfigurationClassEnhancer$BeanMethodInterceptor.intercept(ConfigurationClassEnhancer.java:363)
	at org.springframework.cloud.alibaba.nacos.NacosConfigAutoConfiguration$$EnhancerBySpringCGLIB$$ddbcb8bb.nacosContextRefresher(<generated>)
	at java.base/jdk.internal.reflect.NativeMethodAccessorImpl.invoke0(Native Method)
	at java.base/jdk.internal.reflect.NativeMethodAccessorImpl.invoke(NativeMethodAccessorImpl.java:62)
	at java.base/jdk.internal.reflect.DelegatingMethodAccessorImpl.invoke(DelegatingMethodAccessorImpl.java:43)
	at java.base/java.lang.reflect.Method.invoke(Method.java:566)
	at org.springframework.beans.factory.support.SimpleInstantiationStrategy.instantiate(SimpleInstantiationStrategy.java:154)
	at org.springframework.beans.factory.support.ConstructorResolver.instantiate(ConstructorResolver.java:640)
	at org.springframework.beans.factory.support.ConstructorResolver.instantiateUsingFactoryMethod(ConstructorResolver.java:625)
	at org.springframework.beans.factory.support.AbstractAutowireCapableBeanFactory.instantiateUsingFactoryMethod(AbstractAutowireCapableBeanFactory.java:1338)
	at org.springframework.beans.factory.support.AbstractAutowireCapableBeanFactory.createBeanInstance(AbstractAutowireCapableBeanFactory.java:1177)
	at org.springframework.beans.factory.support.AbstractAutowireCapableBeanFactory.doCreateBean(AbstractAutowireCapableBeanFactory.java:557)
	at org.springframework.beans.factory.support.AbstractAutowireCapableBeanFactory.createBean(AbstractAutowireCapableBeanFactory.java:517)
	at org.springframework.beans.factory.support.AbstractBeanFactory.lambda$doGetBean$0(AbstractBeanFactory.java:323)
	at org.springframework.beans.factory.support.DefaultSingletonBeanRegistry.getSingleton(DefaultSingletonBeanRegistry.java:222)
	at org.springframework.beans.factory.support.AbstractBeanFactory.doGetBean(AbstractBeanFactory.java:321)
	at org.springframework.beans.factory.support.AbstractBeanFactory.getBean(AbstractBeanFactory.java:202)
	at org.springframework.beans.factory.support.DefaultListableBeanFactory.preInstantiateSingletons(DefaultListableBeanFactory.java:879)
	at org.springframework.context.support.AbstractApplicationContext.finishBeanFactoryInitialization(AbstractApplicationContext.java:878)
	at org.springframework.context.support.AbstractApplicationContext.refresh(AbstractApplicationContext.java:550)
	at org.springframework.boot.web.servlet.context.ServletWebServerApplicationContext.refresh(ServletWebServerApplicationContext.java:141)
	at org.springframework.boot.SpringApplication.refresh(SpringApplication.java:747)
	at org.springframework.boot.SpringApplication.refreshContext(SpringApplication.java:397)
	at org.springframework.boot.SpringApplication.run(SpringApplication.java:315)
	at org.springframework.boot.SpringApplication.run(SpringApplication.java:1226)
	at org.springframework.boot.SpringApplication.run(SpringApplication.java:1215)
	at com.xmchx.eduservice.EduApplication.main(EduApplication.java:15)
2021-01-02 18:39:49.847 [main] ERROR o.s.cloud.alibaba.nacos.NacosConfigProperties - create config service error!properties=NacosConfigProperties{serverAddr='null', encode='null', group='DEFAULT_GROUP', prefix='null', fileExtension='properties', timeout=3000, endpoint='null', namespace='null', accessKey='null', secretKey='null', contextPath='null', clusterName='null', name='null', sharedDataids='null', refreshableDataids='null', extConfig=null},e=,
com.alibaba.nacos.api.exception.NacosException: null
	at com.alibaba.nacos.api.config.ConfigFactory.createConfigService(ConfigFactory.java:45)
	at com.alibaba.nacos.api.NacosFactory.createConfigService(NacosFactory.java:41)
	at org.springframework.cloud.alibaba.nacos.NacosConfigProperties.configServiceInstance(NacosConfigProperties.java:343)
	at org.springframework.cloud.alibaba.nacos.client.NacosPropertySourceLocator.locate(NacosPropertySourceLocator.java:63)
	at org.springframework.cloud.bootstrap.config.PropertySourceBootstrapConfiguration.initialize(PropertySourceBootstrapConfiguration.java:98)
	at org.springframework.boot.SpringApplication.applyInitializers(SpringApplication.java:626)
	at org.springframework.boot.SpringApplication.prepareContext(SpringApplication.java:370)
	at org.springframework.boot.SpringApplication.run(SpringApplication.java:314)
	at org.springframework.boot.SpringApplication.run(SpringApplication.java:1226)
	at org.springframework.boot.SpringApplication.run(SpringApplication.java:1215)
	at com.xmchx.eduservice.EduApplication.main(EduApplication.java:15)
2021-01-02 18:39:55.742 [main] ERROR o.s.cloud.alibaba.nacos.NacosConfigProperties - create config service error!properties=NacosConfigProperties{serverAddr='null', encode='null', group='DEFAULT_GROUP', prefix='null', fileExtension='properties', timeout=3000, endpoint='null', namespace='null', accessKey='null', secretKey='null', contextPath='null', clusterName='null', name='null', sharedDataids='null', refreshableDataids='null', extConfig=null},e=,
com.alibaba.nacos.api.exception.NacosException: null
	at com.alibaba.nacos.api.config.ConfigFactory.createConfigService(ConfigFactory.java:45)
	at com.alibaba.nacos.api.NacosFactory.createConfigService(NacosFactory.java:41)
	at org.springframework.cloud.alibaba.nacos.NacosConfigProperties.configServiceInstance(NacosConfigProperties.java:343)
	at org.springframework.cloud.alibaba.nacos.NacosConfigAutoConfiguration.nacosContextRefresher(NacosConfigAutoConfiguration.java:63)
	at org.springframework.cloud.alibaba.nacos.NacosConfigAutoConfiguration$$EnhancerBySpringCGLIB$$4ec15e1.CGLIB$nacosContextRefresher$1(<generated>)
	at org.springframework.cloud.alibaba.nacos.NacosConfigAutoConfiguration$$EnhancerBySpringCGLIB$$4ec15e1$$FastClassBySpringCGLIB$$dd9ee166.invoke(<generated>)
	at org.springframework.cglib.proxy.MethodProxy.invokeSuper(MethodProxy.java:244)
	at org.springframework.context.annotation.ConfigurationClassEnhancer$BeanMethodInterceptor.intercept(ConfigurationClassEnhancer.java:363)
	at org.springframework.cloud.alibaba.nacos.NacosConfigAutoConfiguration$$EnhancerBySpringCGLIB$$4ec15e1.nacosContextRefresher(<generated>)
	at java.base/jdk.internal.reflect.NativeMethodAccessorImpl.invoke0(Native Method)
	at java.base/jdk.internal.reflect.NativeMethodAccessorImpl.invoke(NativeMethodAccessorImpl.java:62)
	at java.base/jdk.internal.reflect.DelegatingMethodAccessorImpl.invoke(DelegatingMethodAccessorImpl.java:43)
	at java.base/java.lang.reflect.Method.invoke(Method.java:566)
	at org.springframework.beans.factory.support.SimpleInstantiationStrategy.instantiate(SimpleInstantiationStrategy.java:154)
	at org.springframework.beans.factory.support.ConstructorResolver.instantiate(ConstructorResolver.java:640)
	at org.springframework.beans.factory.support.ConstructorResolver.instantiateUsingFactoryMethod(ConstructorResolver.java:625)
	at org.springframework.beans.factory.support.AbstractAutowireCapableBeanFactory.instantiateUsingFactoryMethod(AbstractAutowireCapableBeanFactory.java:1338)
	at org.springframework.beans.factory.support.AbstractAutowireCapableBeanFactory.createBeanInstance(AbstractAutowireCapableBeanFactory.java:1177)
	at org.springframework.beans.factory.support.AbstractAutowireCapableBeanFactory.doCreateBean(AbstractAutowireCapableBeanFactory.java:557)
	at org.springframework.beans.factory.support.AbstractAutowireCapableBeanFactory.createBean(AbstractAutowireCapableBeanFactory.java:517)
	at org.springframework.beans.factory.support.AbstractBeanFactory.lambda$doGetBean$0(AbstractBeanFactory.java:323)
	at org.springframework.beans.factory.support.DefaultSingletonBeanRegistry.getSingleton(DefaultSingletonBeanRegistry.java:222)
	at org.springframework.beans.factory.support.AbstractBeanFactory.doGetBean(AbstractBeanFactory.java:321)
	at org.springframework.beans.factory.support.AbstractBeanFactory.getBean(AbstractBeanFactory.java:202)
	at org.springframework.beans.factory.support.DefaultListableBeanFactory.preInstantiateSingletons(DefaultListableBeanFactory.java:879)
	at org.springframework.context.support.AbstractApplicationContext.finishBeanFactoryInitialization(AbstractApplicationContext.java:878)
	at org.springframework.context.support.AbstractApplicationContext.refresh(AbstractApplicationContext.java:550)
	at org.springframework.boot.web.servlet.context.ServletWebServerApplicationContext.refresh(ServletWebServerApplicationContext.java:141)
	at org.springframework.boot.SpringApplication.refresh(SpringApplication.java:747)
	at org.springframework.boot.SpringApplication.refreshContext(SpringApplication.java:397)
	at org.springframework.boot.SpringApplication.run(SpringApplication.java:315)
	at org.springframework.boot.SpringApplication.run(SpringApplication.java:1226)
	at org.springframework.boot.SpringApplication.run(SpringApplication.java:1215)
	at com.xmchx.eduservice.EduApplication.main(EduApplication.java:15)
2021-01-02 19:07:27.520 [main] ERROR o.s.cloud.alibaba.nacos.NacosConfigProperties - create config service error!properties=NacosConfigProperties{serverAddr='null', encode='null', group='DEFAULT_GROUP', prefix='null', fileExtension='properties', timeout=3000, endpoint='null', namespace='null', accessKey='null', secretKey='null', contextPath='null', clusterName='null', name='null', sharedDataids='null', refreshableDataids='null', extConfig=null},e=,
com.alibaba.nacos.api.exception.NacosException: null
	at com.alibaba.nacos.api.config.ConfigFactory.createConfigService(ConfigFactory.java:45)
	at com.alibaba.nacos.api.NacosFactory.createConfigService(NacosFactory.java:41)
	at org.springframework.cloud.alibaba.nacos.NacosConfigProperties.configServiceInstance(NacosConfigProperties.java:343)
	at org.springframework.cloud.alibaba.nacos.client.NacosPropertySourceLocator.locate(NacosPropertySourceLocator.java:63)
	at org.springframework.cloud.bootstrap.config.PropertySourceBootstrapConfiguration.initialize(PropertySourceBootstrapConfiguration.java:98)
	at org.springframework.boot.SpringApplication.applyInitializers(SpringApplication.java:626)
	at org.springframework.boot.SpringApplication.prepareContext(SpringApplication.java:370)
	at org.springframework.boot.SpringApplication.run(SpringApplication.java:314)
	at org.springframework.boot.SpringApplication.run(SpringApplication.java:1226)
	at org.springframework.boot.SpringApplication.run(SpringApplication.java:1215)
	at com.xmchx.eduservice.EduApplication.main(EduApplication.java:15)
2021-01-02 19:07:31.322 [main] ERROR o.s.cloud.alibaba.nacos.NacosConfigProperties - create config service error!properties=NacosConfigProperties{serverAddr='null', encode='null', group='DEFAULT_GROUP', prefix='null', fileExtension='properties', timeout=3000, endpoint='null', namespace='null', accessKey='null', secretKey='null', contextPath='null', clusterName='null', name='null', sharedDataids='null', refreshableDataids='null', extConfig=null},e=,
com.alibaba.nacos.api.exception.NacosException: null
	at com.alibaba.nacos.api.config.ConfigFactory.createConfigService(ConfigFactory.java:45)
	at com.alibaba.nacos.api.NacosFactory.createConfigService(NacosFactory.java:41)
	at org.springframework.cloud.alibaba.nacos.NacosConfigProperties.configServiceInstance(NacosConfigProperties.java:343)
	at org.springframework.cloud.alibaba.nacos.NacosConfigAutoConfiguration.nacosContextRefresher(NacosConfigAutoConfiguration.java:63)
	at org.springframework.cloud.alibaba.nacos.NacosConfigAutoConfiguration$$EnhancerBySpringCGLIB$$fdf863c8.CGLIB$nacosContextRefresher$2(<generated>)
	at org.springframework.cloud.alibaba.nacos.NacosConfigAutoConfiguration$$EnhancerBySpringCGLIB$$fdf863c8$$FastClassBySpringCGLIB$$f0d2c0fe.invoke(<generated>)
	at org.springframework.cglib.proxy.MethodProxy.invokeSuper(MethodProxy.java:244)
	at org.springframework.context.annotation.ConfigurationClassEnhancer$BeanMethodInterceptor.intercept(ConfigurationClassEnhancer.java:363)
	at org.springframework.cloud.alibaba.nacos.NacosConfigAutoConfiguration$$EnhancerBySpringCGLIB$$fdf863c8.nacosContextRefresher(<generated>)
	at java.base/jdk.internal.reflect.NativeMethodAccessorImpl.invoke0(Native Method)
	at java.base/jdk.internal.reflect.NativeMethodAccessorImpl.invoke(NativeMethodAccessorImpl.java:62)
	at java.base/jdk.internal.reflect.DelegatingMethodAccessorImpl.invoke(DelegatingMethodAccessorImpl.java:43)
	at java.base/java.lang.reflect.Method.invoke(Method.java:566)
	at org.springframework.beans.factory.support.SimpleInstantiationStrategy.instantiate(SimpleInstantiationStrategy.java:154)
	at org.springframework.beans.factory.support.ConstructorResolver.instantiate(ConstructorResolver.java:640)
	at org.springframework.beans.factory.support.ConstructorResolver.instantiateUsingFactoryMethod(ConstructorResolver.java:625)
	at org.springframework.beans.factory.support.AbstractAutowireCapableBeanFactory.instantiateUsingFactoryMethod(AbstractAutowireCapableBeanFactory.java:1338)
	at org.springframework.beans.factory.support.AbstractAutowireCapableBeanFactory.createBeanInstance(AbstractAutowireCapableBeanFactory.java:1177)
	at org.springframework.beans.factory.support.AbstractAutowireCapableBeanFactory.doCreateBean(AbstractAutowireCapableBeanFactory.java:557)
	at org.springframework.beans.factory.support.AbstractAutowireCapableBeanFactory.createBean(AbstractAutowireCapableBeanFactory.java:517)
	at org.springframework.beans.factory.support.AbstractBeanFactory.lambda$doGetBean$0(AbstractBeanFactory.java:323)
	at org.springframework.beans.factory.support.DefaultSingletonBeanRegistry.getSingleton(DefaultSingletonBeanRegistry.java:222)
	at org.springframework.beans.factory.support.AbstractBeanFactory.doGetBean(AbstractBeanFactory.java:321)
	at org.springframework.beans.factory.support.AbstractBeanFactory.getBean(AbstractBeanFactory.java:202)
	at org.springframework.beans.factory.support.DefaultListableBeanFactory.preInstantiateSingletons(DefaultListableBeanFactory.java:879)
	at org.springframework.context.support.AbstractApplicationContext.finishBeanFactoryInitialization(AbstractApplicationContext.java:878)
	at org.springframework.context.support.AbstractApplicationContext.refresh(AbstractApplicationContext.java:550)
	at org.springframework.boot.web.servlet.context.ServletWebServerApplicationContext.refresh(ServletWebServerApplicationContext.java:141)
	at org.springframework.boot.SpringApplication.refresh(SpringApplication.java:747)
	at org.springframework.boot.SpringApplication.refreshContext(SpringApplication.java:397)
	at org.springframework.boot.SpringApplication.run(SpringApplication.java:315)
	at org.springframework.boot.SpringApplication.run(SpringApplication.java:1226)
	at org.springframework.boot.SpringApplication.run(SpringApplication.java:1215)
	at com.xmchx.eduservice.EduApplication.main(EduApplication.java:15)
