2021-01-02 18:39:49.857 [main] INFO  com.xmchx.eduservice.EduApplication - The following profiles are active: dev
2021-01-02 18:39:51.090 [main] INFO  o.s.d.r.config.RepositoryConfigurationDelegate - Multiple Spring Data modules found, entering strict repository configuration mode!
2021-01-02 18:39:51.106 [main] INFO  o.s.d.r.config.RepositoryConfigurationDelegate - Bootstrapping Spring Data repositories in DEFAULT mode.
2021-01-02 18:39:51.168 [main] INFO  o.s.d.r.config.RepositoryConfigurationDelegate - Finished Spring Data repository scanning in 24ms. Found 0 repository interfaces.
2021-01-02 18:39:51.419 [main] INFO  o.springframework.cloud.context.scope.GenericScope - BeanFactory id=fef0ecb3-8c3a-3500-af2c-b1a788934c0e
2021-01-02 18:39:51.577 [main] INFO  o.s.c.s.PostProcessorRegistrationDelegate$BeanPostProcessorChecker - Bean 'org.springframework.transaction.annotation.ProxyTransactionManagementConfiguration' of type [org.springframework.transaction.annotation.ProxyTransactionManagementConfiguration] is not eligible for getting processed by all BeanPostProcessors (for example: not eligible for auto-proxying)
2021-01-02 18:39:51.629 [main] INFO  o.s.c.s.PostProcessorRegistrationDelegate$BeanPostProcessorChecker - Bean 'redisConfig' of type [com.xmchx.servicebase.RedisConfig$$EnhancerBySpringCGLIB$$8262f7c] is not eligible for getting processed by all BeanPostProcessors (for example: not eligible for auto-proxying)
2021-01-02 18:39:51.660 [main] INFO  o.s.c.s.PostProcessorRegistrationDelegate$BeanPostProcessorChecker - Bean 'org.springframework.cloud.autoconfigure.ConfigurationPropertiesRebinderAutoConfiguration' of type [org.springframework.cloud.autoconfigure.ConfigurationPropertiesRebinderAutoConfiguration] is not eligible for getting processed by all BeanPostProcessors (for example: not eligible for auto-proxying)
2021-01-02 18:39:52.065 [main] INFO  o.s.boot.web.embedded.tomcat.TomcatWebServer - Tomcat initialized with port(s): 8001 (http)
2021-01-02 18:39:52.095 [main] INFO  org.apache.coyote.http11.Http11NioProtocol - Initializing ProtocolHandler ["http-nio-8001"]
2021-01-02 18:39:52.096 [main] INFO  org.apache.catalina.core.StandardService - Starting service [Tomcat]
2021-01-02 18:39:52.097 [main] INFO  org.apache.catalina.core.StandardEngine - Starting Servlet engine: [Apache Tomcat/9.0.27]
2021-01-02 18:39:52.473 [main] INFO  o.a.c.core.ContainerBase.[Tomcat].[localhost].[/] - Initializing Spring embedded WebApplicationContext
2021-01-02 18:39:52.473 [main] INFO  org.springframework.web.context.ContextLoader - Root WebApplicationContext: initialization completed in 2594 ms
2021-01-02 18:39:52.909 [main] INFO  com.zaxxer.hikari.HikariDataSource - HikariPool-1 - Starting...
2021-01-02 18:39:53.443 [main] INFO  com.zaxxer.hikari.HikariDataSource - HikariPool-1 - Start completed.
2021-01-02 18:39:55.254 [main] INFO  s.d.s.w.PropertySourcedRequestMappingHandlerMapping - Mapped URL path [/v2/api-docs] onto method [springfox.documentation.swagger2.web.Swagger2Controller#getDocumentation(String, HttpServletRequest)]
2021-01-02 18:39:55.269 [main] INFO  com.netflix.config.sources.URLConfigurationSource - To enable URLs as dynamic configuration sources, define System property archaius.configurationSource.additionalUrls or make config.properties available on classpath.
2021-01-02 18:39:55.285 [main] INFO  com.netflix.config.sources.URLConfigurationSource - To enable URLs as dynamic configuration sources, define System property archaius.configurationSource.additionalUrls or make config.properties available on classpath.
2021-01-02 18:39:55.415 [main] INFO  o.s.scheduling.concurrent.ThreadPoolTaskExecutor - Initializing ExecutorService 'applicationTaskExecutor'
2021-01-02 18:39:55.999 [main] INFO  o.s.scheduling.concurrent.ThreadPoolTaskScheduler - Initializing ExecutorService
2021-01-02 18:39:56.592 [main] INFO  s.d.s.web.plugins.DocumentationPluginsBootstrapper - Context refreshed
2021-01-02 18:39:56.623 [main] INFO  s.d.s.web.plugins.DocumentationPluginsBootstrapper - Found 1 custom documentation plugin(s)
2021-01-02 18:39:56.688 [main] INFO  s.d.spring.web.scanners.ApiListingReferenceScanner - Scanning for api listing references
2021-01-02 18:39:57.219 [main] INFO  s.d.s.w.r.operation.CachingOperationNameGenerator - Generating unique operation named: getChapterInfoUsingGET_1
2021-01-02 18:39:57.224 [main] INFO  s.d.s.w.r.operation.CachingOperationNameGenerator - Generating unique operation named: updateChapterUsingPOST_1
2021-01-02 18:39:57.263 [main] INFO  org.apache.coyote.http11.Http11NioProtocol - Starting ProtocolHandler ["http-nio-8001"]
2021-01-02 18:39:57.314 [main] INFO  o.s.boot.web.embedded.tomcat.TomcatWebServer - Tomcat started on port(s): 8001 (http) with context path ''
2021-01-02 18:39:57.343 [main] INFO  o.s.c.alibaba.nacos.registry.NacosServiceRegistry - nacos registry, service-edu 192.168.10.104:8001 register finished
2021-01-02 18:39:57.621 [main] INFO  com.xmchx.eduservice.EduApplication - Started EduApplication in 9.453 seconds (JVM running for 10.602)
2021-01-02 18:47:44.803 [http-nio-8001-exec-2] INFO  o.a.c.core.ContainerBase.[Tomcat].[localhost].[/] - Initializing Spring DispatcherServlet 'dispatcherServlet'
2021-01-02 18:47:44.807 [http-nio-8001-exec-2] INFO  org.springframework.web.servlet.DispatcherServlet - Initializing Servlet 'dispatcherServlet'
2021-01-02 18:47:44.872 [http-nio-8001-exec-2] INFO  org.springframework.web.servlet.DispatcherServlet - Completed initialization in 64 ms
2021-01-02 18:47:45.186 [http-nio-8001-exec-1] INFO  io.lettuce.core.EpollProvider - Starting without optional epoll library
2021-01-02 18:47:45.188 [http-nio-8001-exec-1] INFO  io.lettuce.core.KqueueProvider - Starting without optional kqueue library
2021-01-02 18:49:20.668 [hystrix-service-ucenter-1] INFO  com.netflix.config.ChainedDynamicProperty - Flipping property: service-ucenter.ribbon.ActiveConnectionsLimit to use NEXT property: niws.loadbalancer.availabilityFilteringRule.activeConnectionsLimit = 2147483647
2021-01-02 18:49:20.689 [hystrix-service-ucenter-1] INFO  com.netflix.loadbalancer.BaseLoadBalancer - Client: service-ucenter instantiated a LoadBalancer: DynamicServerListLoadBalancer:{NFLoadBalancer:name=service-ucenter,current list of Servers=[],Load balancer stats=Zone stats: {},Server stats: []}ServerList:null
2021-01-02 18:49:20.694 [hystrix-service-ucenter-1] INFO  c.n.loadbalancer.DynamicServerListLoadBalancer - Using serverListUpdater PollingServerListUpdater
2021-01-02 18:49:20.705 [hystrix-service-ucenter-1] INFO  com.netflix.config.ChainedDynamicProperty - Flipping property: service-ucenter.ribbon.ActiveConnectionsLimit to use NEXT property: niws.loadbalancer.availabilityFilteringRule.activeConnectionsLimit = 2147483647
2021-01-02 18:49:20.707 [hystrix-service-ucenter-1] INFO  c.n.loadbalancer.DynamicServerListLoadBalancer - DynamicServerListLoadBalancer for client service-ucenter initialized: DynamicServerListLoadBalancer:{NFLoadBalancer:name=service-ucenter,current list of Servers=[192.168.10.104:8150],Load balancer stats=Zone stats: {unknown=[Zone:unknown;	Instance count:1;	Active connections count: 0;	Circuit breaker tripped count: 0;	Active connections per server: 0.0;]
},Server stats: [[Server:192.168.10.104:8150;	Zone:UNKNOWN;	Total Requests:0;	Successive connection failure:0;	Total blackout seconds:0;	Last connection made:Thu Jan 01 08:00:00 CST 1970;	First connection made: Thu Jan 01 08:00:00 CST 1970;	Active Connections:0;	total failure count in last (1000) msecs:0;	average resp time:0.0;	90 percentile resp time:0.0;	95 percentile resp time:0.0;	min resp time:0.0;	max resp time:0.0;	stddev resp time:0.0]
]}ServerList:org.springframework.cloud.alibaba.nacos.ribbon.NacosServerList@309c3500
2021-01-02 18:49:21.703 [PollingServerListUpdater-0] INFO  com.netflix.config.ChainedDynamicProperty - Flipping property: service-ucenter.ribbon.ActiveConnectionsLimit to use NEXT property: niws.loadbalancer.availabilityFilteringRule.activeConnectionsLimit = 2147483647
2021-01-02 19:07:27.523 [main] INFO  com.xmchx.eduservice.EduApplication - The following profiles are active: dev
2021-01-02 19:07:28.480 [main] INFO  o.s.d.r.config.RepositoryConfigurationDelegate - Multiple Spring Data modules found, entering strict repository configuration mode!
2021-01-02 19:07:28.483 [main] INFO  o.s.d.r.config.RepositoryConfigurationDelegate - Bootstrapping Spring Data repositories in DEFAULT mode.
2021-01-02 19:07:28.537 [main] INFO  o.s.d.r.config.RepositoryConfigurationDelegate - Finished Spring Data repository scanning in 25ms. Found 0 repository interfaces.
2021-01-02 19:07:28.700 [main] INFO  o.springframework.cloud.context.scope.GenericScope - BeanFactory id=fef0ecb3-8c3a-3500-af2c-b1a788934c0e
2021-01-02 19:07:28.800 [main] INFO  o.s.c.s.PostProcessorRegistrationDelegate$BeanPostProcessorChecker - Bean 'org.springframework.transaction.annotation.ProxyTransactionManagementConfiguration' of type [org.springframework.transaction.annotation.ProxyTransactionManagementConfiguration] is not eligible for getting processed by all BeanPostProcessors (for example: not eligible for auto-proxying)
2021-01-02 19:07:28.838 [main] INFO  o.s.c.s.PostProcessorRegistrationDelegate$BeanPostProcessorChecker - Bean 'redisConfig' of type [com.xmchx.servicebase.RedisConfig$$EnhancerBySpringCGLIB$$1327d63] is not eligible for getting processed by all BeanPostProcessors (for example: not eligible for auto-proxying)
2021-01-02 19:07:28.861 [main] INFO  o.s.c.s.PostProcessorRegistrationDelegate$BeanPostProcessorChecker - Bean 'org.springframework.cloud.autoconfigure.ConfigurationPropertiesRebinderAutoConfiguration' of type [org.springframework.cloud.autoconfigure.ConfigurationPropertiesRebinderAutoConfiguration] is not eligible for getting processed by all BeanPostProcessors (for example: not eligible for auto-proxying)
2021-01-02 19:07:29.094 [main] INFO  o.s.boot.web.embedded.tomcat.TomcatWebServer - Tomcat initialized with port(s): 8001 (http)
2021-01-02 19:07:29.104 [main] INFO  org.apache.coyote.http11.Http11NioProtocol - Initializing ProtocolHandler ["http-nio-8001"]
2021-01-02 19:07:29.105 [main] INFO  org.apache.catalina.core.StandardService - Starting service [Tomcat]
2021-01-02 19:07:29.105 [main] INFO  org.apache.catalina.core.StandardEngine - Starting Servlet engine: [Apache Tomcat/9.0.27]
2021-01-02 19:07:29.281 [main] INFO  o.a.c.core.ContainerBase.[Tomcat].[localhost].[/] - Initializing Spring embedded WebApplicationContext
2021-01-02 19:07:29.282 [main] INFO  org.springframework.web.context.ContextLoader - Root WebApplicationContext: initialization completed in 1741 ms
2021-01-02 19:07:29.480 [main] INFO  com.zaxxer.hikari.HikariDataSource - HikariPool-1 - Starting...
2021-01-02 19:07:29.786 [main] INFO  com.zaxxer.hikari.HikariDataSource - HikariPool-1 - Start completed.
2021-01-02 19:07:30.920 [main] INFO  s.d.s.w.PropertySourcedRequestMappingHandlerMapping - Mapped URL path [/v2/api-docs] onto method [springfox.documentation.swagger2.web.Swagger2Controller#getDocumentation(String, HttpServletRequest)]
2021-01-02 19:07:30.939 [main] INFO  com.netflix.config.sources.URLConfigurationSource - To enable URLs as dynamic configuration sources, define System property archaius.configurationSource.additionalUrls or make config.properties available on classpath.
2021-01-02 19:07:30.943 [main] INFO  com.netflix.config.sources.URLConfigurationSource - To enable URLs as dynamic configuration sources, define System property archaius.configurationSource.additionalUrls or make config.properties available on classpath.
2021-01-02 19:07:31.049 [main] INFO  o.s.scheduling.concurrent.ThreadPoolTaskExecutor - Initializing ExecutorService 'applicationTaskExecutor'
2021-01-02 19:07:31.542 [main] INFO  o.s.scheduling.concurrent.ThreadPoolTaskScheduler - Initializing ExecutorService
2021-01-02 19:07:32.049 [main] INFO  s.d.s.web.plugins.DocumentationPluginsBootstrapper - Context refreshed
2021-01-02 19:07:32.067 [main] INFO  s.d.s.web.plugins.DocumentationPluginsBootstrapper - Found 1 custom documentation plugin(s)
2021-01-02 19:07:32.102 [main] INFO  s.d.spring.web.scanners.ApiListingReferenceScanner - Scanning for api listing references
2021-01-02 19:07:32.385 [main] INFO  s.d.s.w.r.operation.CachingOperationNameGenerator - Generating unique operation named: getChapterInfoUsingGET_1
2021-01-02 19:07:32.388 [main] INFO  s.d.s.w.r.operation.CachingOperationNameGenerator - Generating unique operation named: updateChapterUsingPOST_1
2021-01-02 19:07:32.414 [main] INFO  org.apache.coyote.http11.Http11NioProtocol - Starting ProtocolHandler ["http-nio-8001"]
2021-01-02 19:07:32.442 [main] INFO  o.s.boot.web.embedded.tomcat.TomcatWebServer - Tomcat started on port(s): 8001 (http) with context path ''
2021-01-02 19:07:32.460 [main] INFO  o.s.c.alibaba.nacos.registry.NacosServiceRegistry - nacos registry, service-edu 192.168.10.104:8001 register finished
2021-01-02 19:07:32.649 [main] INFO  com.xmchx.eduservice.EduApplication - Started EduApplication in 6.708 seconds (JVM running for 7.712)
2021-01-02 19:08:33.219 [http-nio-8001-exec-2] INFO  o.a.c.core.ContainerBase.[Tomcat].[localhost].[/] - Initializing Spring DispatcherServlet 'dispatcherServlet'
2021-01-02 19:08:33.220 [http-nio-8001-exec-2] INFO  org.springframework.web.servlet.DispatcherServlet - Initializing Servlet 'dispatcherServlet'
2021-01-02 19:08:33.229 [http-nio-8001-exec-2] INFO  org.springframework.web.servlet.DispatcherServlet - Completed initialization in 9 ms
